#-----------------------------------------------------------
# Vivado v2018.2 (64-bit)
# SW Build 2258646 on Thu Jun 14 20:03:12 MDT 2018
# IP Build 2256618 on Thu Jun 14 22:10:49 MDT 2018
# Start of session at: Thu Dec  1 00:01:43 2022
# Process ID: 9492
# Current directory: C:/Repositories/CS303/Lab3/Lab3.sim/sim_2/behav/xsim
# Command line: vivado.exe -gui_launcher_event rodinguilauncherevent1424 C:\Repositories\CS303\Lab3\Lab3.sim\sim_2\behav\xsim\four_bit_compare_behav.wdb
# Log file: C:/Repositories/CS303/Lab3/Lab3.sim/sim_2/behav/xsim/vivado.log
# Journal file: C:/Repositories/CS303/Lab3/Lab3.sim/sim_2/behav/xsim\vivado.jou
#-----------------------------------------------------------
start_gui
open_wave_database {C:\Repositories\CS303\Lab3\Lab3.sim\sim_2\behav\xsim\four_bit_compare_behav.wdb}
INFO: [IP_Flow 19-234] Refreshing IP repositories
INFO: [IP_Flow 19-1704] No user IP repositories specified
INFO: [IP_Flow 19-2313] Loaded Vivado IP repository 'C:/Xilinx/Vivado/2018.2/data/ip'.
close_sim
INFO: [Simtcl 6-16] Simulation closed
exit
INFO: [Common 17-206] Exiting Vivado at Thu Dec  1 00:02:23 2022...
